<?xml version="1.0" encoding="UTF-8"?>
<testng-results skipped="0" failed="0" total="1" passed="1">
  <reporter-output>
  </reporter-output>
  <suite name="test" duration-ms="90621" started-at="2016-08-09T15:32:08Z" finished-at="2016-08-09T15:33:39Z">
    <groups>
      <group name="checkbox">
        <method signature="CheckBoxFunctionality.login()[pri:0, instance:test.cdd.CheckBoxFunctionality@2d6d8735]" name="login" class="test.cdd.CheckBoxFunctionality"/>
      </group> <!-- checkbox -->
    </groups>
    <test name="one script" duration-ms="90621" started-at="2016-08-09T15:32:08Z" finished-at="2016-08-09T15:33:39Z">
      <class name="test.cdd.CheckBoxFunctionality">
        <test-method status="PASS" signature="beforeClass()[pri:0, instance:test.cdd.CheckBoxFunctionality@2d6d8735]" name="beforeClass" is-config="true" duration-ms="4576" started-at="2016-08-09T17:32:08Z" finished-at="2016-08-09T17:32:13Z">
          <reporter-output>
          </reporter-output>
        </test-method> <!-- beforeClass -->
        <test-method status="PASS" signature="login()[pri:0, instance:test.cdd.CheckBoxFunctionality@2d6d8735]" name="login" duration-ms="53475" started-at="2016-08-09T17:32:13Z" finished-at="2016-08-09T17:33:07Z">
          <reporter-output>
          </reporter-output>
        </test-method> <!-- login -->
        <test-method status="PASS" signature="afterClass()[pri:0, instance:test.cdd.CheckBoxFunctionality@2d6d8735]" name="afterClass" is-config="true" duration-ms="32563" started-at="2016-08-09T17:33:07Z" finished-at="2016-08-09T17:33:39Z">
          <reporter-output>
          </reporter-output>
        </test-method> <!-- afterClass -->
      </class> <!-- test.cdd.CheckBoxFunctionality -->
    </test> <!-- one script -->
  </suite> <!-- test -->
</testng-results>
