<?xml version="1.0" encoding="UTF-8"?>
<testng-results skipped="0" failed="0" total="1" passed="1">
  <reporter-output>
  </reporter-output>
  <suite name="test" duration-ms="91193" started-at="2016-08-10T10:05:50Z" finished-at="2016-08-10T10:07:21Z">
    <groups>
      <group name="checkbox">
        <method signature="CheckBoxFunctionality.login()[pri:0, instance:test.cdd.CheckBoxFunctionality@2d6d8735]" name="login" class="test.cdd.CheckBoxFunctionality"/>
      </group> <!-- checkbox -->
    </groups>
    <test name="one script" duration-ms="91193" started-at="2016-08-10T10:05:50Z" finished-at="2016-08-10T10:07:21Z">
      <class name="test.cdd.CheckBoxFunctionality">
        <test-method status="PASS" signature="beforeClass()[pri:0, instance:test.cdd.CheckBoxFunctionality@2d6d8735]" name="beforeClass" is-config="true" duration-ms="5449" started-at="2016-08-10T12:05:50Z" finished-at="2016-08-10T12:05:55Z">
          <reporter-output>
          </reporter-output>
        </test-method> <!-- beforeClass -->
        <test-method status="PASS" signature="login()[pri:0, instance:test.cdd.CheckBoxFunctionality@2d6d8735]" name="login" duration-ms="52465" started-at="2016-08-10T12:05:55Z" finished-at="2016-08-10T12:06:48Z">
          <reporter-output>
          </reporter-output>
        </test-method> <!-- login -->
        <test-method status="PASS" signature="afterClass()[pri:0, instance:test.cdd.CheckBoxFunctionality@2d6d8735]" name="afterClass" is-config="true" duration-ms="33270" started-at="2016-08-10T12:06:48Z" finished-at="2016-08-10T12:07:21Z">
          <reporter-output>
          </reporter-output>
        </test-method> <!-- afterClass -->
      </class> <!-- test.cdd.CheckBoxFunctionality -->
    </test> <!-- one script -->
  </suite> <!-- test -->
</testng-results>
