<?xml version="1.0" encoding="UTF-8"?>
<!-- Generated by org.testng.reporters.JUnitXMLReporter -->
<testsuite hostname="L-008829" name="Default test" tests="3" failures="0" timestamp="11 Aug 2016 14:52:43 GMT" time="11.739" errors="0">
  <testcase name="NeuspesnoLogovanje" time="1.212" classname="test.login.TNGAnnotations"/>
  <testcase name="NeuspesnoLogovanje1" time="1.122" classname="test.login.TNGAnnotations"/>
  <testcase name="UspesnoLogovanje" time="3.142" classname="test.login.TNGAnnotations"/>
</testsuite> <!-- Default test -->
