<?xml version="1.0" encoding="UTF-8"?>
<!-- Generated by org.testng.reporters.JUnitXMLReporter -->
<testsuite hostname="L-008829" name="Default test" tests="3" failures="0" timestamp="10 Aug 2016 15:09:21 GMT" time="13.071" errors="0">
  <testcase name="NeuspesnoLogovanje" time="1.975" classname="test.login.TNGAnnotations"/>
  <testcase name="NeuspesnoLogovanje1" time="1.855" classname="test.login.TNGAnnotations"/>
  <testcase name="UspesnoLogovanje" time="3.291" classname="test.login.TNGAnnotations"/>
</testsuite> <!-- Default test -->
