<?xml version="1.0" encoding="UTF-8"?>
<testng-results skipped="0" failed="0" total="1" passed="1">
  <reporter-output>
  </reporter-output>
  <suite name="Default suite" duration-ms="18369" started-at="2016-08-03T12:21:17Z" finished-at="2016-08-03T12:21:36Z">
    <groups>
    </groups>
    <test name="Default test" duration-ms="18369" started-at="2016-08-03T12:21:17Z" finished-at="2016-08-03T12:21:36Z">
      <class name="test.IVE">
        <test-method status="PASS" signature="beforeClass()[pri:0, instance:test.IVE@2fc14f68]" name="beforeClass" is-config="true" duration-ms="2538" started-at="2016-08-03T14:21:18Z" finished-at="2016-08-03T14:21:20Z">
          <reporter-output>
          </reporter-output>
        </test-method> <!-- beforeClass -->
        <test-method status="PASS" signature="f()[pri:0, instance:test.IVE@2fc14f68]" name="f" duration-ms="15822" started-at="2016-08-03T14:21:20Z" finished-at="2016-08-03T14:21:36Z">
          <reporter-output>
          </reporter-output>
        </test-method> <!-- f -->
        <test-method status="PASS" signature="afterClass()[pri:0, instance:test.IVE@2fc14f68]" name="afterClass" is-config="true" duration-ms="0" started-at="2016-08-03T14:21:36Z" finished-at="2016-08-03T14:21:36Z">
          <reporter-output>
          </reporter-output>
        </test-method> <!-- afterClass -->
      </class> <!-- test.IVE -->
    </test> <!-- Default test -->
  </suite> <!-- Default suite -->
</testng-results>
